<?xml version="1.0" encoding="UTF-8"?>
<testng-results ignored="0" total="1" passed="1" failed="0" skipped="0">
  <reporter-output>
  </reporter-output>
  <suite started-at="2026-03-04T12:22:56 IST" name="Default suite" finished-at="2026-03-04T12:23:07 IST" duration-ms="10963">
    <groups>
    </groups>
    <test started-at="2026-03-04T12:22:56 IST" name="Default test" finished-at="2026-03-04T12:23:07 IST" duration-ms="10963">
      <class name="tests.E2ETest">
        <test-method is-config="true" signature="setUp(java.lang.String)[pri:0, instance:tests.E2ETest@20d525]" started-at="2026-03-04T12:22:56 IST" name="setUp" finished-at="2026-03-04T12:23:03 IST" duration-ms="7363" status="PASS">
          <params>
            <param index="0">
              <value>
                <![CDATA[chrome]]>
              </value>
            </param>
          </params>
          <reporter-output>
          </reporter-output>
        </test-method> <!-- setUp -->
        <test-method signature="completeE2EFlow()[pri:0, instance:tests.E2ETest@20d525]" started-at="2026-03-04T12:23:03 IST" name="completeE2EFlow" finished-at="2026-03-04T12:23:07 IST" duration-ms="3057" status="PASS">
          <reporter-output>
          </reporter-output>
        </test-method> <!-- completeE2EFlow -->
        <test-method is-config="true" signature="tearDown()[pri:0, instance:tests.E2ETest@20d525]" started-at="2026-03-04T12:23:07 IST" name="tearDown" finished-at="2026-03-04T12:23:07 IST" duration-ms="447" status="PASS">
          <reporter-output>
          </reporter-output>
        </test-method> <!-- tearDown -->
      </class> <!-- tests.E2ETest -->
    </test> <!-- Default test -->
  </suite> <!-- Default suite -->
</testng-results>
